  [1m[36mActiveRecord::SchemaMigration Load (0.1ms)[0m  [1mSELECT `schema_migrations`.* FROM `schema_migrations`[0m
Migrating to CreateUsers (20160518141400)
  [1m[35m (0.5ms)[0m  CREATE TABLE `users` (`id` int(11) auto_increment PRIMARY KEY, `username` varchar(255), `password` varchar(255), `created_at` datetime NOT NULL, `updated_at` datetime NOT NULL) ENGINE=InnoDB
  [1m[36mUser Load (0.3ms)[0m  [1mSELECT `users`.* FROM `users`[0m
  [1m[36m (14.3ms)[0m  [1mCREATE TABLE `schema_migrations` (`version` varchar(255) NOT NULL) ENGINE=InnoDB[0m
  [1m[35m (16.1ms)[0m  CREATE UNIQUE INDEX `unique_schema_migrations`  ON `schema_migrations` (`version`) 
  [1m[36mActiveRecord::SchemaMigration Load (0.3ms)[0m  [1mSELECT `schema_migrations`.* FROM `schema_migrations`[0m
Migrating to CreateUsers (20160518141400)
  [1m[35m (11.9ms)[0m  CREATE TABLE `users` (`id` int(11) auto_increment PRIMARY KEY, `username` varchar(255), `password` varchar(255), `created_at` datetime NOT NULL, `updated_at` datetime NOT NULL) ENGINE=InnoDB
  [1m[36m (0.2ms)[0m  [1mBEGIN[0m
  [1m[35mSQL (0.3ms)[0m  INSERT INTO `schema_migrations` (`version`) VALUES ('20160518141400')
  [1m[36m (2.3ms)[0m  [1mCOMMIT[0m
  [1m[35mActiveRecord::SchemaMigration Load (0.2ms)[0m  SELECT `schema_migrations`.* FROM `schema_migrations`
  [1m[36m (0.3ms)[0m  [1mSELECT fk.referenced_table_name as 'to_table'
      ,fk.referenced_column_name as 'primary_key'
      ,fk.column_name as 'column'
      ,fk.constraint_name as 'name'
FROM information_schema.key_column_usage fk
WHERE fk.referenced_column_name is not null
  AND fk.table_schema = 'circles_development'
  AND fk.table_name = 'users'
[0m
  [1m[35m (0.2ms)[0m  SHOW CREATE TABLE `users`


Started GET "/" for 127.0.0.1 at 2016-05-20 16:44:38 +0800
  [1m[36mActiveRecord::SchemaMigration Load (0.1ms)[0m  [1mSELECT `schema_migrations`.* FROM `schema_migrations`[0m
Processing by WelcomeController#index as HTML
  Rendered welcome/index.html.erb within layouts/application (1.1ms)
Completed 200 OK in 2789ms (Views: 2774.8ms | ActiveRecord: 0.0ms)


Started GET "/assets/welcome.self-d187be08dc1a3b485904a0de284399ad2ce4e141d8fe3ef408bceb8d4cd8da40.css?body=1" for 127.0.0.1 at 2016-05-20 16:44:41 +0800


Started GET "/assets/application.self-44175f8f286e1fc54b1c85d8a1f1418f6c743c5fc23daaf29e16444f7deeb4c9.css?body=1" for 127.0.0.1 at 2016-05-20 16:44:41 +0800


Started GET "/assets/sessions.self-e3b0c44298fc1c149afbf4c8996fb92427ae41e4649b934ca495991b7852b855.css?body=1" for 127.0.0.1 at 2016-05-20 16:44:41 +0800


Started GET "/assets/jquery.self-660adc51e0224b731d29f575a6f1ec167ba08ad06ed5deca4f1e8654c135bf4c.js?body=1" for 127.0.0.1 at 2016-05-20 16:44:41 +0800


Started GET "/assets/turbolinks.self-c37727e9bd6b2735da5c311aa83fead54ed0be6cc8bd9a65309e9c5abe2cbfff.js?body=1" for 127.0.0.1 at 2016-05-20 16:44:41 +0800


Started GET "/assets/jquery_ujs.self-e87806d0cf4489aeb1bb7288016024e8de67fd18db693fe026fe3907581e53cd.js?body=1" for 127.0.0.1 at 2016-05-20 16:44:41 +0800


Started GET "/assets/sessions.self-877aef30ae1b040ab8a3aba4e3e309a11d7f2612f44dde450b5c157aa5f95c05.js?body=1" for 127.0.0.1 at 2016-05-20 16:44:41 +0800


Started GET "/assets/welcome.self-877aef30ae1b040ab8a3aba4e3e309a11d7f2612f44dde450b5c157aa5f95c05.js?body=1" for 127.0.0.1 at 2016-05-20 16:44:41 +0800


Started GET "/assets/application.self-3b8dabdc891efe46b9a144b400ad69e37d7e5876bdc39dee783419a69d7ca819.js?body=1" for 127.0.0.1 at 2016-05-20 16:44:41 +0800


Started GET "/sessions/new" for 127.0.0.1 at 2016-05-20 16:44:43 +0800
Processing by SessionsController#new as HTML
  Rendered sessions/new.html.erb within layouts/application (1.6ms)
Completed 200 OK in 31ms (Views: 30.9ms | ActiveRecord: 0.0ms)


Started GET "/users/new" for 127.0.0.1 at 2016-05-20 16:44:46 +0800
Processing by UsersController#new as HTML
  Rendered users/new.html.erb within layouts/application (17.6ms)
Completed 200 OK in 50ms (Views: 42.8ms | ActiveRecord: 0.9ms)


Started POST "/users" for 127.0.0.1 at 2016-05-20 16:44:52 +0800
Processing by UsersController#create as HTML
  Parameters: {"utf8"=>"✓", "authenticity_token"=>"R+zyI1jfHd8r//1WOafCw7amAxUA3gAfzQj5pc2/tlJON8XVHYj2FgZkSRnMbgG/FVTy3Sc9WOXhv1bNZiq9kw==", "user"=>{"username"=>"mafeng", "password"=>"[FILTERED]"}, "commit"=>"registered"}
  [1m[35m (0.5ms)[0m  BEGIN
  [1m[36mUser Exists (0.3ms)[0m  [1mSELECT  1 AS one FROM `users` WHERE `users`.`username` = BINARY 'mafeng' LIMIT 1[0m
  [1m[35mSQL (0.3ms)[0m  INSERT INTO `users` (`username`, `password`, `created_at`, `updated_at`) VALUES ('mafeng', '123456', '2016-05-20 08:44:52', '2016-05-20 08:44:52')
  [1m[36m (3.7ms)[0m  [1mCOMMIT[0m
Redirected to http://localhost:4001/sessions/new
Completed 302 Found in 29ms (ActiveRecord: 4.8ms)


Started GET "/sessions/new" for 127.0.0.1 at 2016-05-20 16:44:52 +0800
Processing by SessionsController#new as HTML
  Rendered sessions/new.html.erb within layouts/application (1.1ms)
Completed 200 OK in 33ms (Views: 31.9ms | ActiveRecord: 0.0ms)


Started POST "/sessions" for 127.0.0.1 at 2016-05-20 16:45:01 +0800
Processing by SessionsController#create as HTML
  Parameters: {"utf8"=>"✓", "authenticity_token"=>"Ws+I/eUN77qjOgTsZHjJqsdQ0OzRqfHfRsMbJmLKmxBTFL8LoFoEc46hsKORsQrWZKIhJPZKqSVqdLROyV+Q0Q==", "username"=>"mafeng", "password"=>"[FILTERED]"}
  [1m[35mUser Load (0.3ms)[0m  SELECT  `users`.* FROM `users` WHERE `users`.`username` = 'mafeng' AND `users`.`password` = '123456' LIMIT 1
Redirected to http://localhost:4001/
Completed 302 Found in 9ms (ActiveRecord: 0.3ms)


Started GET "/" for 127.0.0.1 at 2016-05-20 16:45:01 +0800
Processing by WelcomeController#index as HTML
  [1m[36mUser Load (0.7ms)[0m  [1mSELECT  `users`.* FROM `users` WHERE `users`.`id` = 1 LIMIT 1[0m
  Rendered welcome/index.html.erb within layouts/application (0.1ms)
Completed 200 OK in 35ms (Views: 32.6ms | ActiveRecord: 0.7ms)


Started GET "/" for 127.0.0.1 at 2016-05-22 15:13:10 +0800
  [1m[36mActiveRecord::SchemaMigration Load (0.9ms)[0m  [1mSELECT `schema_migrations`.* FROM `schema_migrations`[0m
Processing by WelcomeController#index as HTML
  Rendered welcome/index.html.erb within layouts/application (2.6ms)
Completed 200 OK in 3093ms (Views: 3081.4ms | ActiveRecord: 0.0ms)


Started GET "/" for 127.0.0.1 at 2016-05-22 15:13:14 +0800
Processing by WelcomeController#index as HTML
  Rendered welcome/index.html.erb within layouts/application (0.1ms)
Completed 200 OK in 58ms (Views: 57.6ms | ActiveRecord: 0.0ms)


Started GET "/" for 127.0.0.1 at 2016-05-22 15:13:16 +0800
Processing by WelcomeController#index as HTML
  Rendered welcome/index.html.erb within layouts/application (0.5ms)
Completed 200 OK in 43ms (Views: 42.2ms | ActiveRecord: 0.0ms)


Started GET "/" for 127.0.0.1 at 2016-05-22 15:13:18 +0800
Processing by WelcomeController#index as HTML
  Rendered welcome/index.html.erb within layouts/application (0.0ms)
Completed 200 OK in 29ms (Views: 28.8ms | ActiveRecord: 0.0ms)


Started GET "/sessions/new" for 127.0.0.1 at 2016-05-22 15:13:18 +0800
Processing by SessionsController#new as HTML
  Rendered sessions/new.html.erb within layouts/application (1.6ms)
Completed 200 OK in 51ms (Views: 50.3ms | ActiveRecord: 0.0ms)


Started POST "/sessions" for 127.0.0.1 at 2016-05-22 15:13:24 +0800
Processing by SessionsController#create as HTML
  Parameters: {"utf8"=>"✓", "authenticity_token"=>"q590anibwXeHb+bmasoSCym/AJzMjKKVa6jV4+inhOtppwkrBrcUAs5Rr5tSSI/N1CWcJbUPApE0ssXM4JSXiw==", "username"=>"mafeng", "password"=>"[FILTERED]"}
  [1m[35mUser Load (0.6ms)[0m  SELECT  `users`.* FROM `users` WHERE `users`.`username` = 'mafeng' AND `users`.`password` = '123456' LIMIT 1
Redirected to http://localhost:4001/
Completed 302 Found in 42ms (ActiveRecord: 3.0ms)


Started GET "/" for 127.0.0.1 at 2016-05-22 15:13:24 +0800
Processing by WelcomeController#index as HTML
  [1m[36mUser Load (0.6ms)[0m  [1mSELECT  `users`.* FROM `users` WHERE `users`.`id` = 2 LIMIT 1[0m
  Rendered welcome/index.html.erb within layouts/application (1.0ms)
Completed 200 OK in 62ms (Views: 58.8ms | ActiveRecord: 0.6ms)


Started DELETE "/sessions/2" for 127.0.0.1 at 2016-05-22 15:13:26 +0800
Processing by SessionsController#destroy as HTML
  Parameters: {"authenticity_token"=>"m+x9jmfVNxXFnoOgkxNUNmY41ViKf9DPG8DttOx9/SZZ1ADPGfniYIygyt2rkcnwm6JJ4fP8cMtE2v2b5E7uRg==", "id"=>"2"}
Redirected to http://localhost:4001/
Completed 302 Found in 2ms (ActiveRecord: 0.0ms)


Started GET "/" for 127.0.0.1 at 2016-05-22 15:13:27 +0800
Processing by WelcomeController#index as HTML
  Rendered welcome/index.html.erb within layouts/application (0.0ms)
Completed 200 OK in 56ms (Views: 55.6ms | ActiveRecord: 0.0ms)


Started GET "/" for 127.0.0.1 at 2016-05-23 10:25:10 +0800
  [1m[36mActiveRecord::SchemaMigration Load (0.3ms)[0m  [1mSELECT `schema_migrations`.* FROM `schema_migrations`[0m
Processing by WelcomeController#index as HTML
  Rendered welcome/index.html.erb within layouts/application (2.2ms)
Completed 200 OK in 245ms (Views: 237.5ms | ActiveRecord: 0.0ms)


Started GET "/sessions/new" for 127.0.0.1 at 2016-05-23 10:25:13 +0800
Processing by SessionsController#new as HTML
  Rendered sessions/new.html.erb within layouts/application (0.9ms)
Completed 200 OK in 27ms (Views: 26.8ms | ActiveRecord: 0.0ms)


Started POST "/sessions" for 127.0.0.1 at 2016-05-23 10:25:14 +0800
Processing by SessionsController#create as HTML
  Parameters: {"utf8"=>"✓", "authenticity_token"=>"aT6hz2P00YmipKRirMZLAHUNSc1gXWaGO8uDVV70f+Ng5ZY5JqM6QI8/EC1ZD4h81v+4BUe+PnwXfCw99WF0Ig==", "username"=>"", "password"=>"[FILTERED]"}
  [1m[35mUser Load (0.8ms)[0m  SELECT  `users`.* FROM `users` WHERE `users`.`username` = '' AND `users`.`password` = '' LIMIT 1
  Rendered sessions/new.html.erb within layouts/application (1.2ms)
Completed 200 OK in 68ms (Views: 54.9ms | ActiveRecord: 1.4ms)


Started GET "/users/new" for 127.0.0.1 at 2016-05-23 10:25:16 +0800
Processing by UsersController#new as HTML
  Rendered users/new.html.erb within layouts/application (16.5ms)
Completed 200 OK in 56ms (Views: 50.8ms | ActiveRecord: 0.4ms)


Started POST "/users" for 127.0.0.1 at 2016-05-23 10:25:22 +0800
Processing by UsersController#create as HTML
  Parameters: {"utf8"=>"✓", "authenticity_token"=>"4R9zQghTmPlJcisiSpq0o7LqMn+BtRmJ/zypPd/T9mLoxES0TQRzMGTpn22/U3ffERjDt6ZWQXPTiwZVdEb9ow==", "user"=>{"username"=>"mafeng", "password"=>"[FILTERED]"}, "commit"=>"registered"}
  [1m[36m (0.2ms)[0m  [1mBEGIN[0m
  [1m[35mUser Exists (0.4ms)[0m  SELECT  1 AS one FROM `users` WHERE `users`.`username` = BINARY 'mafeng' LIMIT 1
  [1m[36m (0.2ms)[0m  [1mROLLBACK[0m
  Rendered users/new.html.erb within layouts/application (1.7ms)
Completed 200 OK in 65ms (Views: 39.0ms | ActiveRecord: 0.8ms)


Started GET "/sessions/new" for 127.0.0.1 at 2016-05-23 10:25:24 +0800
Processing by SessionsController#new as HTML
  Rendered sessions/new.html.erb within layouts/application (0.4ms)
Completed 200 OK in 28ms (Views: 27.0ms | ActiveRecord: 0.0ms)


Started POST "/sessions" for 127.0.0.1 at 2016-05-23 10:25:30 +0800
Processing by SessionsController#create as HTML
  Parameters: {"utf8"=>"✓", "authenticity_token"=>"/orD0sUnPxBlQHlQhuTNixD1gde72s/omxPElXQdv7/3UfQkgHDU2UjbzR9zLQ73swdwH5w5lxK3pGv934i0fg==", "username"=>"mafeng", "password"=>"[FILTERED]"}
  [1m[35mUser Load (0.9ms)[0m  SELECT  `users`.* FROM `users` WHERE `users`.`username` = 'mafeng' AND `users`.`password` = '123456' LIMIT 1
Redirected to http://localhost:4001/
Completed 302 Found in 5ms (ActiveRecord: 0.9ms)


Started GET "/" for 127.0.0.1 at 2016-05-23 10:25:30 +0800
Processing by WelcomeController#index as HTML
  [1m[36mUser Load (0.5ms)[0m  [1mSELECT  `users`.* FROM `users` WHERE `users`.`id` = 1 LIMIT 1[0m
  Rendered welcome/index.html.erb within layouts/application (0.1ms)
Completed 200 OK in 35ms (Views: 32.7ms | ActiveRecord: 0.5ms)


Started DELETE "/sessions/1" for 127.0.0.1 at 2016-05-23 10:25:35 +0800
Processing by SessionsController#destroy as HTML
  Parameters: {"authenticity_token"=>"fTrFHQ58QXUmlUy3vbofBTXrGVI1ijNhHc4ovRCffRB04fLrSyuqvAsO+PhIc9x5lhnomhJpa5sxeYfVuwp20Q==", "id"=>"1"}
Redirected to http://localhost:4001/
Completed 302 Found in 1ms (ActiveRecord: 0.0ms)


Started GET "/" for 127.0.0.1 at 2016-05-23 10:25:35 +0800
Processing by WelcomeController#index as HTML
  Rendered welcome/index.html.erb within layouts/application (0.0ms)
Completed 200 OK in 52ms (Views: 51.7ms | ActiveRecord: 0.0ms)


Started GET "/" for 127.0.0.1 at 2016-05-23 13:44:04 +0800
  [1m[36mActiveRecord::SchemaMigration Load (0.2ms)[0m  [1mSELECT `schema_migrations`.* FROM `schema_migrations`[0m
Processing by WelcomeController#index as HTML
  Rendered welcome/index.html.erb within layouts/application (1.2ms)
Completed 200 OK in 201ms (Views: 193.2ms | ActiveRecord: 0.0ms)


Started GET "/assets/sessions.self-e3b0c44298fc1c149afbf4c8996fb92427ae41e4649b934ca495991b7852b855.css?body=1" for 127.0.0.1 at 2016-05-23 13:44:05 +0800


Started GET "/assets/application.self-44175f8f286e1fc54b1c85d8a1f1418f6c743c5fc23daaf29e16444f7deeb4c9.css?body=1" for 127.0.0.1 at 2016-05-23 13:44:05 +0800


Started GET "/assets/turbolinks.self-c37727e9bd6b2735da5c311aa83fead54ed0be6cc8bd9a65309e9c5abe2cbfff.js?body=1" for 127.0.0.1 at 2016-05-23 13:44:05 +0800


Started GET "/assets/jquery.self-660adc51e0224b731d29f575a6f1ec167ba08ad06ed5deca4f1e8654c135bf4c.js?body=1" for 127.0.0.1 at 2016-05-23 13:44:05 +0800


Started GET "/assets/jquery_ujs.self-e87806d0cf4489aeb1bb7288016024e8de67fd18db693fe026fe3907581e53cd.js?body=1" for 127.0.0.1 at 2016-05-23 13:44:05 +0800


Started GET "/assets/welcome.self-d187be08dc1a3b485904a0de284399ad2ce4e141d8fe3ef408bceb8d4cd8da40.css?body=1" for 127.0.0.1 at 2016-05-23 13:44:05 +0800


Started GET "/assets/sessions.self-877aef30ae1b040ab8a3aba4e3e309a11d7f2612f44dde450b5c157aa5f95c05.js?body=1" for 127.0.0.1 at 2016-05-23 13:44:05 +0800


Started GET "/assets/welcome.self-877aef30ae1b040ab8a3aba4e3e309a11d7f2612f44dde450b5c157aa5f95c05.js?body=1" for 127.0.0.1 at 2016-05-23 13:44:05 +0800


Started GET "/assets/application.self-3b8dabdc891efe46b9a144b400ad69e37d7e5876bdc39dee783419a69d7ca819.js?body=1" for 127.0.0.1 at 2016-05-23 13:44:05 +0800


Started GET "/users" for 127.0.0.1 at 2016-05-23 13:44:06 +0800
Processing by UsersController#index as HTML
  Rendered users/index.html.erb within layouts/application (0.3ms)
Completed 200 OK in 26ms (Views: 25.6ms | ActiveRecord: 0.0ms)


Started GET "/users" for 127.0.0.1 at 2016-05-23 13:52:45 +0800
Processing by UsersController#index as HTML
  [1m[35mUser Load (0.3ms)[0m  SELECT  `users`.* FROM `users`  ORDER BY id desc LIMIT 10 OFFSET 0
  Rendered users/index.html.erb within layouts/application (12.1ms)
Completed 200 OK in 64ms (Views: 58.5ms | ActiveRecord: 1.2ms)


Started GET "/assets/sessions.self-e3b0c44298fc1c149afbf4c8996fb92427ae41e4649b934ca495991b7852b855.css?body=1" for 127.0.0.1 at 2016-05-23 13:52:45 +0800


Started GET "/assets/jquery_ujs.self-e87806d0cf4489aeb1bb7288016024e8de67fd18db693fe026fe3907581e53cd.js?body=1" for 127.0.0.1 at 2016-05-23 13:52:45 +0800


Started GET "/assets/turbolinks.self-c37727e9bd6b2735da5c311aa83fead54ed0be6cc8bd9a65309e9c5abe2cbfff.js?body=1" for 127.0.0.1 at 2016-05-23 13:52:45 +0800


Started GET "/assets/jquery.self-660adc51e0224b731d29f575a6f1ec167ba08ad06ed5deca4f1e8654c135bf4c.js?body=1" for 127.0.0.1 at 2016-05-23 13:52:45 +0800


Started GET "/assets/welcome.self-d187be08dc1a3b485904a0de284399ad2ce4e141d8fe3ef408bceb8d4cd8da40.css?body=1" for 127.0.0.1 at 2016-05-23 13:52:45 +0800


Started GET "/assets/application.self-44175f8f286e1fc54b1c85d8a1f1418f6c743c5fc23daaf29e16444f7deeb4c9.css?body=1" for 127.0.0.1 at 2016-05-23 13:52:45 +0800


Started GET "/assets/sessions.self-877aef30ae1b040ab8a3aba4e3e309a11d7f2612f44dde450b5c157aa5f95c05.js?body=1" for 127.0.0.1 at 2016-05-23 13:52:45 +0800


Started GET "/assets/welcome.self-877aef30ae1b040ab8a3aba4e3e309a11d7f2612f44dde450b5c157aa5f95c05.js?body=1" for 127.0.0.1 at 2016-05-23 13:52:45 +0800


Started GET "/assets/application.self-3b8dabdc891efe46b9a144b400ad69e37d7e5876bdc39dee783419a69d7ca819.js?body=1" for 127.0.0.1 at 2016-05-23 13:52:45 +0800


Started GET "/" for 127.0.0.1 at 2016-05-23 13:52:48 +0800
Processing by WelcomeController#index as HTML
  Rendered welcome/index.html.erb within layouts/application (0.4ms)
Completed 200 OK in 30ms (Views: 29.7ms | ActiveRecord: 0.0ms)


Started GET "/users" for 127.0.0.1 at 2016-05-23 13:52:50 +0800
Processing by UsersController#index as HTML
  [1m[36mUser Load (0.1ms)[0m  [1mSELECT  `users`.* FROM `users`  ORDER BY id desc LIMIT 10 OFFSET 0[0m
  Rendered users/index.html.erb within layouts/application (1.2ms)
Completed 200 OK in 19ms (Views: 18.1ms | ActiveRecord: 0.1ms)


Started GET "/" for 127.0.0.1 at 2016-05-23 13:52:51 +0800
Processing by WelcomeController#index as HTML
  Rendered welcome/index.html.erb within layouts/application (0.1ms)
Completed 200 OK in 24ms (Views: 22.8ms | ActiveRecord: 0.0ms)


Started GET "/" for 127.0.0.1 at 2016-05-23 13:52:53 +0800
Processing by WelcomeController#index as HTML
  Rendered welcome/index.html.erb within layouts/application (0.1ms)
Completed 200 OK in 21ms (Views: 20.4ms | ActiveRecord: 0.0ms)


Started GET "/users" for 127.0.0.1 at 2016-05-23 13:52:53 +0800
Processing by UsersController#index as HTML
  [1m[35mUser Load (0.3ms)[0m  SELECT  `users`.* FROM `users`  ORDER BY id desc LIMIT 10 OFFSET 0
  Rendered users/index.html.erb within layouts/application (1.2ms)
Completed 200 OK in 22ms (Views: 20.5ms | ActiveRecord: 0.3ms)


Started GET "/sessions/new" for 127.0.0.1 at 2016-05-23 13:52:56 +0800
Processing by SessionsController#new as HTML
  Rendered sessions/new.html.erb within layouts/application (1.1ms)
Completed 200 OK in 22ms (Views: 21.6ms | ActiveRecord: 0.0ms)


Started GET "/" for 127.0.0.1 at 2016-05-23 13:52:57 +0800
Processing by WelcomeController#index as HTML
  Rendered welcome/index.html.erb within layouts/application (0.0ms)
Completed 200 OK in 27ms (Views: 26.6ms | ActiveRecord: 0.0ms)


Started GET "/users" for 127.0.0.1 at 2016-05-23 13:52:58 +0800
Processing by UsersController#index as HTML
  [1m[36mUser Load (0.2ms)[0m  [1mSELECT  `users`.* FROM `users`  ORDER BY id desc LIMIT 10 OFFSET 0[0m
  Rendered users/index.html.erb within layouts/application (0.9ms)
Completed 200 OK in 21ms (Views: 19.8ms | ActiveRecord: 0.2ms)


Started GET "/sessions/new" for 127.0.0.1 at 2016-05-23 13:52:58 +0800
Processing by SessionsController#new as HTML
  Rendered sessions/new.html.erb within layouts/application (0.3ms)
Completed 200 OK in 27ms (Views: 26.5ms | ActiveRecord: 0.0ms)


Started GET "/" for 127.0.0.1 at 2016-05-23 13:52:59 +0800
Processing by WelcomeController#index as HTML
  Rendered welcome/index.html.erb within layouts/application (0.0ms)
Completed 200 OK in 22ms (Views: 21.3ms | ActiveRecord: 0.0ms)


Started GET "/" for 127.0.0.1 at 2016-05-23 13:56:42 +0800
Processing by WelcomeController#index as HTML
  Rendered welcome/index.html.erb within layouts/application (0.0ms)
Completed 200 OK in 22ms (Views: 21.8ms | ActiveRecord: 0.0ms)


Started GET "/assets/welcome.self-d187be08dc1a3b485904a0de284399ad2ce4e141d8fe3ef408bceb8d4cd8da40.css?body=1" for 127.0.0.1 at 2016-05-23 13:56:42 +0800


Started GET "/assets/jquery.self-660adc51e0224b731d29f575a6f1ec167ba08ad06ed5deca4f1e8654c135bf4c.js?body=1" for 127.0.0.1 at 2016-05-23 13:56:42 +0800


Started GET "/assets/jquery_ujs.self-e87806d0cf4489aeb1bb7288016024e8de67fd18db693fe026fe3907581e53cd.js?body=1" for 127.0.0.1 at 2016-05-23 13:56:42 +0800


Started GET "/assets/application.self-44175f8f286e1fc54b1c85d8a1f1418f6c743c5fc23daaf29e16444f7deeb4c9.css?body=1" for 127.0.0.1 at 2016-05-23 13:56:42 +0800


Started GET "/assets/sessions.self-e3b0c44298fc1c149afbf4c8996fb92427ae41e4649b934ca495991b7852b855.css?body=1" for 127.0.0.1 at 2016-05-23 13:56:42 +0800


Started GET "/assets/sessions.self-877aef30ae1b040ab8a3aba4e3e309a11d7f2612f44dde450b5c157aa5f95c05.js?body=1" for 127.0.0.1 at 2016-05-23 13:56:42 +0800


Started GET "/assets/turbolinks.self-c37727e9bd6b2735da5c311aa83fead54ed0be6cc8bd9a65309e9c5abe2cbfff.js?body=1" for 127.0.0.1 at 2016-05-23 13:56:42 +0800


Started GET "/assets/welcome.self-877aef30ae1b040ab8a3aba4e3e309a11d7f2612f44dde450b5c157aa5f95c05.js?body=1" for 127.0.0.1 at 2016-05-23 13:56:42 +0800


Started GET "/assets/application.self-3b8dabdc891efe46b9a144b400ad69e37d7e5876bdc39dee783419a69d7ca819.js?body=1" for 127.0.0.1 at 2016-05-23 13:56:42 +0800


Started GET "/users" for 127.0.0.1 at 2016-05-23 13:56:44 +0800
Processing by UsersController#index as HTML
Redirected to http://localhost:4001/sessions/new
Filter chain halted as :auth_user rendered or redirected
Completed 302 Found in 1ms (ActiveRecord: 0.0ms)


Started GET "/sessions/new" for 127.0.0.1 at 2016-05-23 13:56:44 +0800
Processing by SessionsController#new as HTML
  Rendered sessions/new.html.erb within layouts/application (0.4ms)
Completed 200 OK in 23ms (Views: 22.2ms | ActiveRecord: 0.0ms)


Started GET "/" for 127.0.0.1 at 2016-05-23 13:56:46 +0800
Processing by WelcomeController#index as HTML
  Rendered welcome/index.html.erb within layouts/application (0.1ms)
Completed 200 OK in 21ms (Views: 20.8ms | ActiveRecord: 0.0ms)


Started GET "/users" for 127.0.0.1 at 2016-05-23 13:56:46 +0800
Processing by UsersController#index as HTML
Redirected to http://localhost:4001/sessions/new
Filter chain halted as :auth_user rendered or redirected
Completed 302 Found in 1ms (ActiveRecord: 0.0ms)


Started GET "/sessions/new" for 127.0.0.1 at 2016-05-23 13:56:46 +0800
Processing by SessionsController#new as HTML
  Rendered sessions/new.html.erb within layouts/application (0.3ms)
Completed 200 OK in 17ms (Views: 17.1ms | ActiveRecord: 0.0ms)


Started GET "/sessions/new" for 127.0.0.1 at 2016-05-23 13:56:47 +0800
Processing by SessionsController#new as HTML
  Rendered sessions/new.html.erb within layouts/application (0.3ms)
Completed 200 OK in 23ms (Views: 22.6ms | ActiveRecord: 0.0ms)


Started GET "/users/new" for 127.0.0.1 at 2016-05-23 13:56:49 +0800
Processing by UsersController#new as HTML
  Rendered users/new.html.erb within layouts/application (7.1ms)
Completed 200 OK in 37ms (Views: 31.8ms | ActiveRecord: 1.0ms)


Started POST "/users" for 127.0.0.1 at 2016-05-23 13:57:04 +0800
Processing by UsersController#create as HTML
  Parameters: {"utf8"=>"✓", "authenticity_token"=>"ILtIhJzGz4ohj7sJGTL4VtRH0TibGc8E2XuZ0fQzkvUpYH9y2ZEkQwwUD0bs+zsqd7Ug8Lz6l/71zDa5X6aZNA==", "user"=>{"username"=>"Hapa", "password"=>"[FILTERED]"}, "commit"=>"registered"}
  [1m[35m (0.2ms)[0m  BEGIN
  [1m[36mUser Exists (0.3ms)[0m  [1mSELECT  1 AS one FROM `users` WHERE `users`.`username` = BINARY 'Hapa' LIMIT 1[0m
  [1m[35mSQL (0.3ms)[0m  INSERT INTO `users` (`username`, `password`, `created_at`, `updated_at`) VALUES ('Hapa', '123456', '2016-05-23 05:57:04', '2016-05-23 05:57:04')
  [1m[36m (2.2ms)[0m  [1mCOMMIT[0m
Redirected to http://localhost:4001/sessions/new
Completed 302 Found in 14ms (ActiveRecord: 2.9ms)


Started GET "/sessions/new" for 127.0.0.1 at 2016-05-23 13:57:04 +0800
Processing by SessionsController#new as HTML
  Rendered sessions/new.html.erb within layouts/application (1.1ms)
Completed 200 OK in 24ms (Views: 23.4ms | ActiveRecord: 0.0ms)


Started POST "/sessions" for 127.0.0.1 at 2016-05-23 13:57:13 +0800
Processing by SessionsController#create as HTML
  Parameters: {"utf8"=>"✓", "authenticity_token"=>"7KKwuIc4t5Ji9t7Ia/zB8BWGKvGres479WIegpw2PobleYdOwm9cW09taoeeNQKMtnTbOYyZlsHZ1bHqN6M1Rw==", "username"=>"Hapa", "password"=>"[FILTERED]"}
  [1m[35mUser Load (0.5ms)[0m  SELECT  `users`.* FROM `users` WHERE `users`.`username` = 'Hapa' AND `users`.`password` = '123456' LIMIT 1
Redirected to http://localhost:4001/
Completed 302 Found in 6ms (ActiveRecord: 0.5ms)


Started GET "/" for 127.0.0.1 at 2016-05-23 13:57:13 +0800
Processing by WelcomeController#index as HTML
  [1m[36mUser Load (0.3ms)[0m  [1mSELECT  `users`.* FROM `users` WHERE `users`.`id` = 2 LIMIT 1[0m
  Rendered welcome/index.html.erb within layouts/application (0.1ms)
  [1m[35mCACHE (0.0ms)[0m  SELECT  `users`.* FROM `users` WHERE `users`.`id` = 2 LIMIT 1  [["id", 2]]
Completed 200 OK in 24ms (Views: 22.1ms | ActiveRecord: 0.3ms)


Started GET "/users" for 127.0.0.1 at 2016-05-23 13:57:16 +0800
Processing by UsersController#index as HTML
  [1m[36mUser Load (0.3ms)[0m  [1mSELECT  `users`.* FROM `users`  ORDER BY id desc LIMIT 10 OFFSET 0[0m
  Rendered users/index.html.erb within layouts/application (1.0ms)
  [1m[35mUser Load (0.2ms)[0m  SELECT  `users`.* FROM `users` WHERE `users`.`id` = 2 LIMIT 1
Completed 200 OK in 23ms (Views: 22.0ms | ActiveRecord: 0.5ms)


Started GET "/" for 127.0.0.1 at 2016-05-23 13:57:18 +0800
Processing by WelcomeController#index as HTML
  [1m[36mUser Load (0.1ms)[0m  [1mSELECT  `users`.* FROM `users` WHERE `users`.`id` = 2 LIMIT 1[0m
  Rendered welcome/index.html.erb within layouts/application (0.1ms)
  [1m[35mCACHE (0.0ms)[0m  SELECT  `users`.* FROM `users` WHERE `users`.`id` = 2 LIMIT 1  [["id", 2]]
Completed 200 OK in 21ms (Views: 19.9ms | ActiveRecord: 0.2ms)


Started GET "/users" for 127.0.0.1 at 2016-05-23 13:57:19 +0800
Processing by UsersController#index as HTML
  [1m[36mUser Load (0.2ms)[0m  [1mSELECT  `users`.* FROM `users`  ORDER BY id desc LIMIT 10 OFFSET 0[0m
  Rendered users/index.html.erb within layouts/application (0.8ms)
  [1m[35mUser Load (0.2ms)[0m  SELECT  `users`.* FROM `users` WHERE `users`.`id` = 2 LIMIT 1
Completed 200 OK in 19ms (Views: 18.3ms | ActiveRecord: 0.3ms)


Started GET "/" for 127.0.0.1 at 2016-05-23 13:57:22 +0800
Processing by WelcomeController#index as HTML
  [1m[36mUser Load (0.2ms)[0m  [1mSELECT  `users`.* FROM `users` WHERE `users`.`id` = 2 LIMIT 1[0m
  Rendered welcome/index.html.erb within layouts/application (0.1ms)
  [1m[35mCACHE (0.0ms)[0m  SELECT  `users`.* FROM `users` WHERE `users`.`id` = 2 LIMIT 1  [["id", 2]]
Completed 200 OK in 28ms (Views: 27.3ms | ActiveRecord: 0.2ms)


Started DELETE "/sessions/2" for 127.0.0.1 at 2016-05-23 13:57:23 +0800
Processing by SessionsController#destroy as HTML
  Parameters: {"authenticity_token"=>"nBRi2V1RVhPAhGh20xtSq2vgUDK83Lh//HHA6CWAGoaVz1UvGAa92u0f3Dkm0pHXyBKh+ps/4IXQxm+AjhURRw==", "id"=>"2"}
Redirected to http://localhost:4001/
Completed 302 Found in 1ms (ActiveRecord: 0.0ms)


Started GET "/" for 127.0.0.1 at 2016-05-23 13:57:23 +0800
Processing by WelcomeController#index as HTML
  Rendered welcome/index.html.erb within layouts/application (0.1ms)
Completed 200 OK in 23ms (Views: 22.1ms | ActiveRecord: 0.0ms)
